-------------------------------------------------------------------------------
Test set: cc.xmist.mistchatserver.MistChatServerApplicationTests
-------------------------------------------------------------------------------
Tests run: 1, Failures: 0, Errors: 1, Skipped: 0, Time elapsed: 7.241 s <<< FAILURE! - in cc.xmist.mistchatserver.MistChatServerApplicationTests
contextLoads  Time elapsed: 0.005 s  <<< ERROR!
java.lang.IllegalStateException: Failed to load ApplicationContext for [WebMergedContextConfiguration@4a2d66e testClass = cc.xmist.mistchatserver.MistChatServerApplicationTests, locations = [], classes = [cc.xmist.MistChatServerApplication], contextInitializerClasses = [], activeProfiles = [], propertySourceLocations = [], propertySourceProperties = ["org.springframework.boot.test.context.SpringBootTestContextBootstrapper=true"], contextCustomizers = [org.springframework.boot.test.context.filter.ExcludeFilterContextCustomizer@26d9b808, org.springframework.boot.test.json.DuplicateJsonObjectContextCustomizerFactory$DuplicateJsonObjectContextCustomizer@54c5a2ff, org.springframework.boot.test.mock.mockito.MockitoContextCustomizer@0, org.springframework.boot.test.web.client.TestRestTemplateContextCustomizer@2af004b, org.springframework.boot.test.autoconfigure.actuate.observability.ObservabilityContextCustomizerFactory$DisableObservabilityContextCustomizer@9da1, org.springframework.boot.test.autoconfigure.properties.PropertyMappingContextCustomizer@0, org.springframework.boot.test.autoconfigure.web.servlet.WebDriverContextCustomizerFactory$Customizer@4b29d1d2, org.springframework.boot.test.context.SpringBootTestAnnotation@d30f0130], resourceBasePath = "src/main/webapp", contextLoader = org.springframework.boot.test.context.SpringBootContextLoader, parent = null]
Caused by: org.springframework.beans.factory.BeanCreationException: Error creating bean with name 'userRegisterListener': Injection of resource dependencies failed
Caused by: org.springframework.beans.factory.BeanCreationException: Error creating bean with name 'itemService': Injection of resource dependencies failed
Caused by: org.springframework.beans.factory.BeanCreationException: Error creating bean with name 'redissonClient' defined in class path resource [cc/xmist/mistchat/server/common/config/RedissonConfig.class]: Failed to instantiate [org.redisson.api.RedissonClient]: Factory method 'redissonClient' threw exception with message: Unable to connect to Redis server: 127.0.0.1/127.0.0.1:6379
Caused by: org.springframework.beans.BeanInstantiationException: Failed to instantiate [org.redisson.api.RedissonClient]: Factory method 'redissonClient' threw exception with message: Unable to connect to Redis server: 127.0.0.1/127.0.0.1:6379
Caused by: org.redisson.client.RedisConnectionException: Unable to connect to Redis server: 127.0.0.1/127.0.0.1:6379
Caused by: java.util.concurrent.CompletionException: org.redisson.client.RedisException: WRONGPASS invalid username-password pair or user is disabled.. channel: [id: 0x96b744e4, L:/127.0.0.1:55766 - R:127.0.0.1/127.0.0.1:6379] command: (AUTH), params: (password masked)
Caused by: org.redisson.client.RedisException: WRONGPASS invalid username-password pair or user is disabled.. channel: [id: 0x96b744e4, L:/127.0.0.1:55766 - R:127.0.0.1/127.0.0.1:6379] command: (AUTH), params: (password masked)

